\BOOKMARK [1][-]{section.1}{Basic Course Information}{}% 1
\BOOKMARK [2][-]{subsection.1.1}{Course Description and Goals}{section.1}% 2
\BOOKMARK [2][-]{subsection.1.2}{Meeting Times and Locations}{section.1}% 3
\BOOKMARK [2][-]{subsection.1.3}{Instructor}{section.1}% 4
\BOOKMARK [2][-]{subsection.1.4}{Website: https://w3.cs.jmu.edu/molloykp/teaching/cs444/cs444\1372021Spring}{section.1}% 5
\BOOKMARK [2][-]{subsection.1.5}{Prerequisites}{section.1}% 6
\BOOKMARK [2][-]{subsection.1.6}{Required Texts}{section.1}% 7
\BOOKMARK [2][-]{subsection.1.7}{Computing Resources}{section.1}% 8
\BOOKMARK [2][-]{subsection.1.8}{Expectations/Keys to Success}{section.1}% 9
\BOOKMARK [3][-]{section*.1}{Homework}{subsection.1.8}% 10
\BOOKMARK [3][-]{section*.2}{Preparing for Class}{subsection.1.8}% 11
\BOOKMARK [3][-]{section*.3}{Programming Assignments}{subsection.1.8}% 12
\BOOKMARK [3][-]{section*.4}{Seeking Help}{subsection.1.8}% 13
\BOOKMARK [2][-]{subsection.1.9}{Communication}{section.1}% 14
\BOOKMARK [2][-]{subsection.1.10}{Attendance and Participation}{section.1}% 15
\BOOKMARK [1][-]{section.2}{Methods of Evaluation and Grading Policies}{}% 16
\BOOKMARK [2][-]{subsection.2.1}{Mastery Quizzes instead of Exams}{section.2}% 17
\BOOKMARK [2][-]{subsection.2.2}{Grading Disputes}{section.2}% 18
\BOOKMARK [1][-]{section.3}{Course Policies}{}% 19
\BOOKMARK [2][-]{subsection.3.1}{Programming Assignments\(PA's\)}{section.3}% 20
\BOOKMARK [2][-]{subsection.3.2}{Missed and Late Assignment Policy}{section.3}% 21
\BOOKMARK [2][-]{subsection.3.3}{Adding and Dropping the Course}{section.3}% 22
\BOOKMARK [2][-]{subsection.3.4}{Disability Accommodations}{section.3}% 23
\BOOKMARK [2][-]{subsection.3.5}{Excused Absences}{section.3}% 24
\BOOKMARK [2][-]{subsection.3.6}{Classroom Behavior}{section.3}% 25
\BOOKMARK [2][-]{subsection.3.7}{Inclement Weather}{section.3}% 26
\BOOKMARK [2][-]{subsection.3.8}{Religious Observation Accommodations}{section.3}% 27
\BOOKMARK [1][-]{section.4}{Academic Honesty and Collaboration}{}% 28
\BOOKMARK [2][-]{subsection.4.1}{Academic Honesty}{section.4}% 29
\BOOKMARK [2][-]{subsection.4.2}{PRIME DIRECTIVE}{section.4}% 30
\BOOKMARK [3][-]{section*.5}{Thou Shalt Not}{subsection.4.2}% 31
\BOOKMARK [3][-]{section*.6}{Fair Collaboration}{subsection.4.2}% 32
\BOOKMARK [2][-]{subsection.4.3}{Penalties}{section.4}% 33
